# JRE version: 7.0_05-b06
# Java VM: Java HotSpot(TM) 64-Bit Server VM (23.1-b03 mixed mode bsd-amd64 compressed oops)
Heap
 PSYoungGen      total 89024K, used 46958K [0x000000012e9f0000, 0x00000001382d0000, 0x0000000139490000)
  eden space 78528K, 58% used [0x000000012e9f0000,0x000000013170b6a0,0x00000001336a0000)
  from space 10496K, 7% used [0x00000001336a0000,0x0000000133760168,0x00000001340e0000)
  to   space 15424K, 0% used [0x00000001373c0000,0x00000001373c0000,0x00000001382d0000)
 ParOldGen       total 49216K, used 27326K [0x0000000119490000, 0x000000011c4a0000, 0x000000012e9f0000)
  object space 49216K, 55% used [0x0000000119490000,0x000000011af3f830,0x000000011c4a0000)
 PSPermGen       total 24384K, used 14794K [0x0000000109490000, 0x000000010ac60000, 0x0000000119490000)
  object space 24384K, 60% used [0x0000000109490000,0x000000010a302b90,0x000000010ac60000)
GC Heap History (10 events):
Event: 2.860 GC heap before
{Heap before GC invocations=6 (full 0):
 PSYoungGen      total 22272K, used 22240K [0x000000012e9f0000, 0x0000000131c90000, 0x0000000139490000)
  eden space 20608K, 100% used [0x000000012e9f0000,0x000000012fe10000,0x000000012fe10000)
  from space 1664K, 98% used [0x000000012fe10000,0x000000012ffa8020,0x000000012ffb0000)
  to   space 5312K, 0% used [0x0000000131760000,0x0000000131760000,0x0000000131c90000)
 ParOldGen       total 27328K, used 8929K [0x0000000119490000, 0x000000011af40000, 0x000000012e9f0000)
  object space 27328K, 32% used [0x0000000119490000,0x0000000119d487d8,0x000000011af40000)
 PSPermGen       total 21248K, used 8558K [0x0000000109490000, 0x000000010a950000, 0x0000000119490000)
  object space 21248K, 40% used [0x0000000109490000,0x0000000109ceb980,0x000000010a950000)
Event: 2.873 GC heap after
Heap after GC invocations=6 (full 0):
 PSYoungGen      total 45824K, used 5237K [0x000000012e9f0000, 0x0000000131df0000, 0x0000000139490000)
  eden space 40512K, 0% used [0x000000012e9f0000,0x000000012e9f0000,0x0000000131180000)
  from space 5312K, 98% used [0x0000000131760000,0x0000000131c7d548,0x0000000131c90000)
  to   space 6016K, 0% used [0x0000000131180000,0x0000000131180000,0x0000000131760000)
 ParOldGen       total 27328K, used 8929K [0x0000000119490000, 0x000000011af40000, 0x000000012e9f0000)
  object space 27328K, 32% used [0x0000000119490000,0x0000000119d487d8,0x000000011af40000)
 PSPermGen       total 21248K, used 8558K [0x0000000109490000, 0x000000010a950000, 0x0000000119490000)
  object space 21248K, 40% used [0x0000000109490000,0x0000000109ceb980,0x000000010a950000)
}
Event: 3.352 GC heap before
{Heap before GC invocations=7 (full 0):
 PSYoungGen      total 45824K, used 45749K [0x000000012e9f0000, 0x0000000131df0000, 0x0000000139490000)
  eden space 40512K, 100% used [0x000000012e9f0000,0x0000000131180000,0x0000000131180000)
  from space 5312K, 98% used [0x0000000131760000,0x0000000131c7d548,0x0000000131c90000)
  to   space 6016K, 0% used [0x0000000131180000,0x0000000131180000,0x0000000131760000)
 ParOldGen       total 27328K, used 8929K [0x0000000119490000, 0x000000011af40000, 0x000000012e9f0000)
  object space 27328K, 32% used [0x0000000119490000,0x0000000119d487d8,0x000000011af40000)
 PSPermGen       total 21248K, used 9626K [0x0000000109490000, 0x000000010a950000, 0x0000000119490000)
  object space 21248K, 45% used [0x0000000109490000,0x0000000109df69a0,0x000000010a950000)
Event: 3.373 GC heap after
Heap after GC invocations=7 (full 0):
 PSYoungGen      total 46528K, used 6006K [0x000000012e9f0000, 0x00000001348b0000, 0x0000000139490000)
  eden space 40512K, 0% used [0x000000012e9f0000,0x000000012e9f0000,0x0000000131180000)
  from space 6016K, 99% used [0x0000000131180000,0x000000013175dbe8,0x0000000131760000)
  to   space 8000K, 0% used [0x00000001340e0000,0x00000001340e0000,0x00000001348b0000)
 ParOldGen       total 27328K, used 11231K [0x0000000119490000, 0x000000011af40000, 0x000000012e9f0000)
  object space 27328K, 41% used [0x0000000119490000,0x0000000119f87e40,0x000000011af40000)
 PSPermGen       total 21248K, used 9626K [0x0000000109490000, 0x000000010a950000, 0x0000000119490000)
  object space 21248K, 45% used [0x0000000109490000,0x0000000109df69a0,0x000000010a950000)
}
Event: 5.900 GC heap before
{Heap before GC invocations=8 (full 0):
 PSYoungGen      total 46528K, used 46518K [0x000000012e9f0000, 0x00000001348b0000, 0x0000000139490000)
  eden space 40512K, 100% used [0x000000012e9f0000,0x0000000131180000,0x0000000131180000)
  from space 6016K, 99% used [0x0000000131180000,0x000000013175dbe8,0x0000000131760000)
  to   space 8000K, 0% used [0x00000001340e0000,0x00000001340e0000,0x00000001348b0000)
 ParOldGen       total 27328K, used 11231K [0x0000000119490000, 0x000000011af40000, 0x000000012e9f0000)
  object space 27328K, 41% used [0x0000000119490000,0x0000000119f87e40,0x000000011af40000)
 PSPermGen       total 21248K, used 11431K [0x0000000109490000, 0x000000010a950000, 0x0000000119490000)
  object space 21248K, 53% used [0x0000000109490000,0x0000000109fb9ca8,0x000000010a950000)
Event: 5.942 GC heap after
Heap after GC invocations=8 (full 0):
 PSYoungGen      total 86528K, used 7993K [0x000000012e9f0000, 0x0000000134d90000, 0x0000000139490000)
  eden space 78528K, 0% used [0x000000012e9f0000,0x000000012e9f0000,0x00000001336a0000)
  from space 8000K, 99% used [0x00000001340e0000,0x00000001348ae750,0x00000001348b0000)
  to   space 10496K, 0% used [0x00000001336a0000,0x00000001336a0000,0x00000001340e0000)
 ParOldGen       total 27328K, used 14253K [0x0000000119490000, 0x000000011af40000, 0x000000012e9f0000)
  object space 27328K, 52% used [0x0000000119490000,0x000000011a27b520,0x000000011af40000)
 PSPermGen       total 21248K, used 11431K [0x0000000109490000, 0x000000010a950000, 0x0000000119490000)
  object space 21248K, 53% used [0x0000000109490000,0x0000000109fb9ca8,0x000000010a950000)
}
Event: 6.949 GC heap before
{Heap before GC invocations=9 (full 0):
 PSYoungGen      total 86528K, used 86521K [0x000000012e9f0000, 0x0000000134d90000, 0x0000000139490000)
  eden space 78528K, 100% used [0x000000012e9f0000,0x00000001336a0000,0x00000001336a0000)
  from space 8000K, 99% used [0x00000001340e0000,0x00000001348ae750,0x00000001348b0000)
  to   space 10496K, 0% used [0x00000001336a0000,0x00000001336a0000,0x00000001340e0000)
 ParOldGen       total 27328K, used 14253K [0x0000000119490000, 0x000000011af40000, 0x000000012e9f0000)
  object space 27328K, 52% used [0x0000000119490000,0x000000011a27b520,0x000000011af40000)
 PSPermGen       total 21248K, used 12046K [0x0000000109490000, 0x000000010a950000, 0x0000000119490000)
  object space 21248K, 56% used [0x0000000109490000,0x000000010a0539b0,0x000000010a950000)
Event: 6.999 GC heap after
Heap after GC invocations=9 (full 0):
 PSYoungGen      total 89024K, used 10489K [0x000000012e9f0000, 0x00000001382d0000, 0x0000000139490000)
  eden space 78528K, 0% used [0x000000012e9f0000,0x000000012e9f0000,0x00000001336a0000)
  from space 10496K, 99% used [0x00000001336a0000,0x00000001340de730,0x00000001340e0000)
  to   space 15424K, 0% used [0x00000001373c0000,0x00000001373c0000,0x00000001382d0000)
 ParOldGen       total 27328K, used 22670K [0x0000000119490000, 0x000000011af40000, 0x000000012e9f0000)
  object space 27328K, 82% used [0x0000000119490000,0x000000011aab3848,0x000000011af40000)
 PSPermGen       total 21248K, used 12046K [0x0000000109490000, 0x000000010a950000, 0x0000000119490000)
  object space 21248K, 56% used [0x0000000109490000,0x000000010a0539b0,0x000000010a950000)
}
Event: 6.999 GC heap before
{Heap before GC invocations=10 (full 1):
 PSYoungGen      total 89024K, used 10489K [0x000000012e9f0000, 0x00000001382d0000, 0x0000000139490000)
  eden space 78528K, 0% used [0x000000012e9f0000,0x000000012e9f0000,0x00000001336a0000)
  from space 10496K, 99% used [0x00000001336a0000,0x00000001340de730,0x00000001340e0000)
  to   space 15424K, 0% used [0x00000001373c0000,0x00000001373c0000,0x00000001382d0000)
 ParOldGen       total 27328K, used 22670K [0x0000000119490000, 0x000000011af40000, 0x000000012e9f0000)
  object space 27328K, 82% used [0x0000000119490000,0x000000011aab3848,0x000000011af40000)
 PSPermGen       total 21248K, used 12046K [0x0000000109490000, 0x000000010a950000, 0x0000000119490000)
  object space 21248K, 56% used [0x0000000109490000,0x000000010a0539b0,0x000000010a950000)
Event: 7.253 GC heap after
Heap after GC invocations=10 (full 1):
 PSYoungGen      total 89024K, used 768K [0x000000012e9f0000, 0x00000001382d0000, 0x0000000139490000)
  eden space 78528K, 0% used [0x000000012e9f0000,0x000000012e9f0000,0x00000001336a0000)
  from space 10496K, 7% used [0x00000001336a0000,0x0000000133760168,0x00000001340e0000)
  to   space 15424K, 0% used [0x00000001373c0000,0x00000001373c0000,0x00000001382d0000)
 ParOldGen       total 49216K, used 27326K [0x0000000119490000, 0x000000011c4a0000, 0x000000012e9f0000)
  object space 49216K, 55% used [0x0000000119490000,0x000000011af3f830,0x000000011c4a0000)
 PSPermGen       total 24384K, used 12042K [0x0000000109490000, 0x000000010ac60000, 0x0000000119490000)
  object space 24384K, 49% used [0x0000000109490000,0x000000010a052810,0x000000010ac60000)
}

